<?xml version="1.0" encoding="UTF-8"?>
<!-- Generated by org.testng.reporters.JUnitXMLReporter -->
<testsuite ignored="0" hostname="DESKTOP-7DS4F6L" failures="0" tests="4" name="Test" time="121.382" errors="0" timestamp="2022-04-19T17:04:38 EDT">
  <testcase classname="Academy.ValidateNavigationBar" name="validateNavigationBar" time="0.116"/>
  <testcase classname="Academy.Homepage" name="basePageNavigation" time="3.006"/>
  <testcase classname="Academy.Homepage" name="basePageNavigation" time="3.12"/>
  <testcase classname="Academy.ValidateTitle" name="basePageNavigation" time="0.291"/>
</testsuite> <!-- Test -->
