<?xml version="1.0" encoding="UTF-8"?>
<!-- Generated by org.testng.reporters.JUnitXMLReporter -->
<testsuite hostname="DESKTOP-7DS4F6L" failures="0" tests="4" name="Test" time="78.695" errors="0" timestamp="19 Apr 2022 20:07:08 GMT">
  <testcase classname="Academy.ValidateNavigationBar" name="validateNavigationBar" time="0.152"/>
  <testcase classname="Academy.Homepage" name="basePageNavigation" time="2.594"/>
  <testcase classname="Academy.Homepage" name="basePageNavigation" time="2.933"/>
  <testcase classname="Academy.ValidateTitle" name="basePageNavigation" time="0.441"/>
</testsuite> <!-- Test -->
