<?xml version="1.0" encoding="UTF-8"?>
<testng-results total="0" passed="0" failed="0" skipped="0">
  <reporter-output>
  </reporter-output>
  <suite started-at="2022-07-12T18:33:38Z" name="Suite" finished-at="2022-07-12T18:33:38Z" duration-ms="7">
    <groups>
      <group name="cucumber">
        <method signature="AbstractTestNGCucumberTests.feature(cucumber.api.testng.CucumberFeatureWrapper)[pri:0, instance:cucumberOptions.TestRunner@478ee483]" name="feature" class="cucumber.api.testng.AbstractTestNGCucumberTests"/>
      </group>
    </groups>
    <test started-at="2022-07-12T18:33:38Z" name="AppTest" finished-at="2022-07-12T18:33:38Z" duration-ms="7">
    </test>
  </suite>
</testng-results>
