<?xml version="1.0" encoding="UTF-8"?>
<testng-results ignored="0" total="0" passed="0" failed="0" skipped="0">
  <reporter-output>
  </reporter-output>
  <suite started-at="2022-07-12T18:23:59 EDT" name="Suite" finished-at="2022-07-12T18:23:59 EDT" duration-ms="15">
    <groups>
      <group name="cucumber">
        <method signature="AbstractTestNGCucumberTests.feature(cucumber.api.testng.CucumberFeatureWrapper)[pri:0, instance:cucumberOptions.TestRunner@c94fd30]" name="feature" class="cucumber.api.testng.AbstractTestNGCucumberTests"/>
      </group> <!-- cucumber -->
    </groups>
    <test started-at="2022-07-12T18:23:59 EDT" name="AppTest" finished-at="2022-07-12T18:23:59 EDT" duration-ms="15">
    </test> <!-- AppTest -->
  </suite> <!-- Suite -->
</testng-results>
